2019-11-05 22:36:04.540 - INFO  [           main] o.s.b.StartupInfoLogger        : Starting DemoApplication on A8ERYS1ATQX2XQB with PID 15220 (C:\Users\Administrator\Documents\workspace-spring-tool-suite-4-4.4.1.RELEASE\demo\target\classes started by Administrator in C:\Users\Administrator\Documents\workspace-spring-tool-suite-4-4.4.1.RELEASE\demo)
2019-11-05 22:36:04.545 - INFO  [           main] o.s.b.SpringApplication        : The following profiles are active: dev
2019-11-05 22:36:05.144 - INFO  [           main] o.s.b.w.e.t.TomcatWebServer    : Tomcat initialized with port(s): 18801 (http)
2019-11-05 22:36:05.150 - INFO  [           main] o.a.j.l.DirectJDKLog           : Initializing ProtocolHandler ["http-nio-18801"]
2019-11-05 22:36:05.151 - INFO  [           main] o.a.j.l.DirectJDKLog           : Starting service [Tomcat]
2019-11-05 22:36:05.151 - INFO  [           main] o.a.j.l.DirectJDKLog           : Starting Servlet engine: [Apache Tomcat/9.0.27]
2019-11-05 22:36:05.201 - INFO  [           main] o.a.j.l.DirectJDKLog           : Initializing Spring embedded WebApplicationContext
2019-11-05 22:36:05.201 - INFO  [           main] letWebServerApplicationContext : Root WebApplicationContext: initialization completed in 630 ms
2019-11-05 22:36:05.347 - WARN  [           main] c.s.AbstractApplicationContext : Exception encountered during context initialization - cancelling refresh attempt: org.springframework.beans.factory.BeanCreationException: Error creating bean with name 'userMapper' defined in file [C:\Users\Administrator\Documents\workspace-spring-tool-suite-4-4.4.1.RELEASE\demo\target\classes\com\example\demo\dao\user\UserMapper.class]: Invocation of init method failed; nested exception is java.lang.IllegalArgumentException: org.apache.ibatis.builder.BuilderException: Error parsing Mapper XML. Cause: org.apache.ibatis.builder.BuilderException: Wrong namespace. Expected 'com.example.demo.dao.user.UserMapper' but found 'com.example.demo.dao.user.userMapper'.
2019-11-05 22:36:05.349 - INFO  [           main] o.a.j.l.DirectJDKLog           : Stopping service [Tomcat]
2019-11-05 22:36:05.357 - INFO  [           main] valuationReportLoggingListener : 

Error starting ApplicationContext. To display the conditions report re-run your application with 'debug' enabled.
2019-11-05 22:37:34.974 - INFO  [           main] o.s.b.StartupInfoLogger        : Starting DemoApplication on A8ERYS1ATQX2XQB with PID 16664 (C:\Users\Administrator\Documents\workspace-spring-tool-suite-4-4.4.1.RELEASE\demo\target\classes started by Administrator in C:\Users\Administrator\Documents\workspace-spring-tool-suite-4-4.4.1.RELEASE\demo)
2019-11-05 22:37:34.979 - INFO  [           main] o.s.b.SpringApplication        : The following profiles are active: dev
2019-11-05 22:37:35.544 - INFO  [           main] o.s.b.w.e.t.TomcatWebServer    : Tomcat initialized with port(s): 18801 (http)
2019-11-05 22:37:35.549 - INFO  [           main] o.a.j.l.DirectJDKLog           : Initializing ProtocolHandler ["http-nio-18801"]
2019-11-05 22:37:35.550 - INFO  [           main] o.a.j.l.DirectJDKLog           : Starting service [Tomcat]
2019-11-05 22:37:35.550 - INFO  [           main] o.a.j.l.DirectJDKLog           : Starting Servlet engine: [Apache Tomcat/9.0.27]
2019-11-05 22:37:35.597 - INFO  [           main] o.a.j.l.DirectJDKLog           : Initializing Spring embedded WebApplicationContext
2019-11-05 22:37:35.597 - INFO  [           main] letWebServerApplicationContext : Root WebApplicationContext: initialization completed in 593 ms
2019-11-05 22:37:35.734 - WARN  [           main] c.s.AbstractApplicationContext : Exception encountered during context initialization - cancelling refresh attempt: org.springframework.beans.factory.BeanCreationException: Error creating bean with name 'userMapper' defined in file [C:\Users\Administrator\Documents\workspace-spring-tool-suite-4-4.4.1.RELEASE\demo\target\classes\com\example\demo\dao\user\UserMapper.class]: Invocation of init method failed; nested exception is java.lang.IllegalArgumentException: org.apache.ibatis.builder.BuilderException: Error parsing Mapper XML. Cause: org.apache.ibatis.builder.BuilderException: Wrong namespace. Expected 'com.example.demo.dao.user.UserMapper' but found 'com.example.demo.dao.user.userMapper'.
2019-11-05 22:37:35.737 - INFO  [           main] o.a.j.l.DirectJDKLog           : Stopping service [Tomcat]
2019-11-05 22:37:35.746 - INFO  [           main] valuationReportLoggingListener : 

Error starting ApplicationContext. To display the conditions report re-run your application with 'debug' enabled.
2019-11-05 22:38:13.529 - INFO  [           main] o.s.b.StartupInfoLogger        : Starting DemoApplication on A8ERYS1ATQX2XQB with PID 16908 (C:\Users\Administrator\Documents\workspace-spring-tool-suite-4-4.4.1.RELEASE\demo\target\classes started by Administrator in C:\Users\Administrator\Documents\workspace-spring-tool-suite-4-4.4.1.RELEASE\demo)
2019-11-05 22:38:13.534 - INFO  [           main] o.s.b.SpringApplication        : The following profiles are active: dev
2019-11-05 22:38:14.118 - INFO  [           main] o.s.b.w.e.t.TomcatWebServer    : Tomcat initialized with port(s): 18801 (http)
2019-11-05 22:38:14.125 - INFO  [           main] o.a.j.l.DirectJDKLog           : Initializing ProtocolHandler ["http-nio-18801"]
2019-11-05 22:38:14.125 - INFO  [           main] o.a.j.l.DirectJDKLog           : Starting service [Tomcat]
2019-11-05 22:38:14.126 - INFO  [           main] o.a.j.l.DirectJDKLog           : Starting Servlet engine: [Apache Tomcat/9.0.27]
2019-11-05 22:38:14.176 - INFO  [           main] o.a.j.l.DirectJDKLog           : Initializing Spring embedded WebApplicationContext
2019-11-05 22:38:14.177 - INFO  [           main] letWebServerApplicationContext : Root WebApplicationContext: initialization completed in 617 ms
2019-11-05 22:38:14.350 - WARN  [           main] c.s.AbstractApplicationContext : Exception encountered during context initialization - cancelling refresh attempt: org.springframework.beans.factory.BeanCreationException: Error creating bean with name 'userMapper' defined in file [C:\Users\Administrator\Documents\workspace-spring-tool-suite-4-4.4.1.RELEASE\demo\target\classes\com\example\demo\dao\user\UserMapper.class]: Invocation of init method failed; nested exception is java.lang.IllegalArgumentException: org.apache.ibatis.builder.BuilderException: Error parsing Mapper XML. Cause: org.apache.ibatis.builder.BuilderException: Error resolving class. Cause: org.apache.ibatis.type.TypeException: Could not resolve type alias 'com.example.model.User'.  Cause: java.lang.ClassNotFoundException: Cannot find class: com.example.model.User
2019-11-05 22:38:14.353 - INFO  [           main] o.a.j.l.DirectJDKLog           : Stopping service [Tomcat]
2019-11-05 22:38:14.360 - INFO  [           main] valuationReportLoggingListener : 

Error starting ApplicationContext. To display the conditions report re-run your application with 'debug' enabled.
2019-11-05 22:38:45.210 - INFO  [           main] o.s.b.StartupInfoLogger        : Starting DemoApplication on A8ERYS1ATQX2XQB with PID 9256 (C:\Users\Administrator\Documents\workspace-spring-tool-suite-4-4.4.1.RELEASE\demo\target\classes started by Administrator in C:\Users\Administrator\Documents\workspace-spring-tool-suite-4-4.4.1.RELEASE\demo)
2019-11-05 22:38:45.215 - INFO  [           main] o.s.b.SpringApplication        : The following profiles are active: dev
2019-11-05 22:38:45.775 - INFO  [           main] o.s.b.w.e.t.TomcatWebServer    : Tomcat initialized with port(s): 18801 (http)
2019-11-05 22:38:45.780 - INFO  [           main] o.a.j.l.DirectJDKLog           : Initializing ProtocolHandler ["http-nio-18801"]
2019-11-05 22:38:45.781 - INFO  [           main] o.a.j.l.DirectJDKLog           : Starting service [Tomcat]
2019-11-05 22:38:45.781 - INFO  [           main] o.a.j.l.DirectJDKLog           : Starting Servlet engine: [Apache Tomcat/9.0.27]
2019-11-05 22:38:45.828 - INFO  [           main] o.a.j.l.DirectJDKLog           : Initializing Spring embedded WebApplicationContext
2019-11-05 22:38:45.828 - INFO  [           main] letWebServerApplicationContext : Root WebApplicationContext: initialization completed in 586 ms
2019-11-05 22:38:45.995 - WARN  [           main] c.s.AbstractApplicationContext : Exception encountered during context initialization - cancelling refresh attempt: org.springframework.beans.factory.BeanCreationException: Error creating bean with name 'userMapper' defined in file [C:\Users\Administrator\Documents\workspace-spring-tool-suite-4-4.4.1.RELEASE\demo\target\classes\com\example\demo\dao\user\UserMapper.class]: Invocation of init method failed; nested exception is java.lang.IllegalArgumentException: org.apache.ibatis.builder.BuilderException: Error parsing Mapper XML. Cause: org.apache.ibatis.builder.BuilderException: Error resolving class. Cause: org.apache.ibatis.type.TypeException: Could not resolve type alias 'com.example.model.User'.  Cause: java.lang.ClassNotFoundException: Cannot find class: com.example.model.User
2019-11-05 22:38:45.997 - INFO  [           main] o.a.j.l.DirectJDKLog           : Stopping service [Tomcat]
2019-11-05 22:38:46.011 - INFO  [           main] valuationReportLoggingListener : 

Error starting ApplicationContext. To display the conditions report re-run your application with 'debug' enabled.
2019-11-05 22:39:09.921 - INFO  [           main] o.s.b.StartupInfoLogger        : Starting DemoApplication on A8ERYS1ATQX2XQB with PID 12204 (C:\Users\Administrator\Documents\workspace-spring-tool-suite-4-4.4.1.RELEASE\demo\target\classes started by Administrator in C:\Users\Administrator\Documents\workspace-spring-tool-suite-4-4.4.1.RELEASE\demo)
2019-11-05 22:39:09.927 - INFO  [           main] o.s.b.SpringApplication        : The following profiles are active: dev
2019-11-05 22:39:10.488 - INFO  [           main] o.s.b.w.e.t.TomcatWebServer    : Tomcat initialized with port(s): 18801 (http)
2019-11-05 22:39:10.493 - INFO  [           main] o.a.j.l.DirectJDKLog           : Initializing ProtocolHandler ["http-nio-18801"]
2019-11-05 22:39:10.493 - INFO  [           main] o.a.j.l.DirectJDKLog           : Starting service [Tomcat]
2019-11-05 22:39:10.494 - INFO  [           main] o.a.j.l.DirectJDKLog           : Starting Servlet engine: [Apache Tomcat/9.0.27]
2019-11-05 22:39:10.540 - INFO  [           main] o.a.j.l.DirectJDKLog           : Initializing Spring embedded WebApplicationContext
2019-11-05 22:39:10.540 - INFO  [           main] letWebServerApplicationContext : Root WebApplicationContext: initialization completed in 587 ms
2019-11-05 22:39:10.819 - INFO  [           main] c.ExecutorConfigurationSupport : Initializing ExecutorService 'applicationTaskExecutor'
2019-11-05 22:39:10.942 - INFO  [           main] o.a.j.l.DirectJDKLog           : Starting ProtocolHandler ["http-nio-18801"]
2019-11-05 22:39:10.955 - INFO  [           main] o.s.b.w.e.t.TomcatWebServer    : Tomcat started on port(s): 18801 (http) with context path ''
2019-11-05 22:39:10.957 - INFO  [           main] o.s.b.StartupInfoLogger        : Started DemoApplication in 1.259 seconds (JVM running for 2.247)
2019-11-05 22:52:13.929 - INFO  [n(22)-127.0.0.1] gistrar$SpringApplicationAdmin : Application shutdown requested.
2019-11-05 22:52:13.931 - INFO  [n(22)-127.0.0.1] c.ExecutorConfigurationSupport : Shutting down ExecutorService 'applicationTaskExecutor'
2019-11-05 22:52:19.973 - INFO  [           main] o.s.b.StartupInfoLogger        : Starting DemoApplication on A8ERYS1ATQX2XQB with PID 12556 (C:\Users\Administrator\Documents\workspace-spring-tool-suite-4-4.4.1.RELEASE\demo\target\classes started by Administrator in C:\Users\Administrator\Documents\workspace-spring-tool-suite-4-4.4.1.RELEASE\demo)
2019-11-05 22:52:19.979 - INFO  [           main] o.s.b.SpringApplication        : The following profiles are active: dev
2019-11-05 22:52:20.575 - INFO  [           main] o.s.b.w.e.t.TomcatWebServer    : Tomcat initialized with port(s): 18801 (http)
2019-11-05 22:52:20.581 - INFO  [           main] o.a.j.l.DirectJDKLog           : Initializing ProtocolHandler ["http-nio-18801"]
2019-11-05 22:52:20.582 - INFO  [           main] o.a.j.l.DirectJDKLog           : Starting service [Tomcat]
2019-11-05 22:52:20.582 - INFO  [           main] o.a.j.l.DirectJDKLog           : Starting Servlet engine: [Apache Tomcat/9.0.27]
2019-11-05 22:52:20.631 - INFO  [           main] o.a.j.l.DirectJDKLog           : Initializing Spring embedded WebApplicationContext
2019-11-05 22:52:20.631 - INFO  [           main] letWebServerApplicationContext : Root WebApplicationContext: initialization completed in 625 ms
2019-11-05 22:52:20.879 - INFO  [           main] c.ExecutorConfigurationSupport : Initializing ExecutorService 'applicationTaskExecutor'
2019-11-05 22:52:21.057 - INFO  [           main] o.a.j.l.DirectJDKLog           : Starting ProtocolHandler ["http-nio-18801"]
2019-11-05 22:52:21.071 - INFO  [           main] o.s.b.w.e.t.TomcatWebServer    : Tomcat started on port(s): 18801 (http) with context path ''
2019-11-05 22:52:21.073 - INFO  [           main] o.s.b.StartupInfoLogger        : Started DemoApplication in 1.329 seconds (JVM running for 2.329)
2019-11-05 22:52:40.898 - INFO  [io-18801-exec-1] o.a.j.l.DirectJDKLog           : Initializing Spring DispatcherServlet 'dispatcherServlet'
2019-11-05 22:52:40.898 - INFO  [io-18801-exec-1] o.s.w.s.FrameworkServlet       : Initializing Servlet 'dispatcherServlet'
2019-11-05 22:52:40.901 - INFO  [io-18801-exec-1] o.s.w.s.FrameworkServlet       : Completed initialization in 3 ms
2019-11-05 22:59:02.105 - INFO  [n(17)-127.0.0.1] gistrar$SpringApplicationAdmin : Application shutdown requested.
2019-11-05 22:59:02.107 - INFO  [n(17)-127.0.0.1] c.ExecutorConfigurationSupport : Shutting down ExecutorService 'applicationTaskExecutor'
2019-11-05 22:59:08.132 - INFO  [           main] o.s.b.StartupInfoLogger        : Starting DemoApplication on A8ERYS1ATQX2XQB with PID 4960 (C:\Users\Administrator\Documents\workspace-spring-tool-suite-4-4.4.1.RELEASE\demo\target\classes started by Administrator in C:\Users\Administrator\Documents\workspace-spring-tool-suite-4-4.4.1.RELEASE\demo)
2019-11-05 22:59:08.138 - INFO  [           main] o.s.b.SpringApplication        : The following profiles are active: dev
2019-11-05 22:59:08.711 - INFO  [           main] o.s.b.w.e.t.TomcatWebServer    : Tomcat initialized with port(s): 18801 (http)
2019-11-05 22:59:08.716 - INFO  [           main] o.a.j.l.DirectJDKLog           : Initializing ProtocolHandler ["http-nio-18801"]
2019-11-05 22:59:08.717 - INFO  [           main] o.a.j.l.DirectJDKLog           : Starting service [Tomcat]
2019-11-05 22:59:08.717 - INFO  [           main] o.a.j.l.DirectJDKLog           : Starting Servlet engine: [Apache Tomcat/9.0.27]
2019-11-05 22:59:08.764 - INFO  [           main] o.a.j.l.DirectJDKLog           : Initializing Spring embedded WebApplicationContext
2019-11-05 22:59:08.765 - INFO  [           main] letWebServerApplicationContext : Root WebApplicationContext: initialization completed in 601 ms
2019-11-05 22:59:09.032 - INFO  [           main] c.ExecutorConfigurationSupport : Initializing ExecutorService 'applicationTaskExecutor'
2019-11-05 22:59:09.183 - INFO  [           main] o.a.j.l.DirectJDKLog           : Starting ProtocolHandler ["http-nio-18801"]
2019-11-05 22:59:09.198 - INFO  [           main] o.s.b.w.e.t.TomcatWebServer    : Tomcat started on port(s): 18801 (http) with context path ''
2019-11-05 22:59:09.200 - INFO  [           main] o.s.b.StartupInfoLogger        : Started DemoApplication in 1.299 seconds (JVM running for 2.294)
2019-11-05 22:59:21.254 - INFO  [io-18801-exec-1] o.a.j.l.DirectJDKLog           : Initializing Spring DispatcherServlet 'dispatcherServlet'
2019-11-05 22:59:21.254 - INFO  [io-18801-exec-1] o.s.w.s.FrameworkServlet       : Initializing Servlet 'dispatcherServlet'
2019-11-05 22:59:21.258 - INFO  [io-18801-exec-1] o.s.w.s.FrameworkServlet       : Completed initialization in 4 ms
2019-11-05 22:59:21.282 - INFO  [io-18801-exec-1] c.z.h.HikariDataSource         : HikariPool-1 - Starting...
2019-11-05 22:59:21.363 - INFO  [io-18801-exec-1] c.z.h.HikariDataSource         : HikariPool-1 - Start completed.
